-- Found ament_cmake: 1.3.8 (/opt/ros/humble/share/ament_cmake/cmake)
-- Eigen found (include: /usr/include/eigen3, version: 3.4.0)
-- FLANN found (include: /usr/include, lib: /usr/lib/x86_64-linux-gnu/libflann_cpp.so)
-- OpenNI found (version: 1.5.4.0, include: /usr/include/ni, lib: /usr/lib/libOpenNI.so;libusb::libusb)
-- OpenNI2 found (version: 2.2.0.33, include: /usr/include/openni2, lib: /usr/lib/x86_64-linux-gnu/libOpenNI2.so;libusb::libusb)
[0m** WARNING ** io features related to pcap will be disabled[0m
-- Eigen found (include: /usr/include/eigen3, version: 3.4.0)
-- OpenNI found (version: 1.5.4.0, include: /usr/include/ni, lib: /usr/lib/libOpenNI.so;libusb::libusb)
-- OpenNI2 found (version: 2.2.0.33, include: /usr/include/openni2, lib: /usr/lib/x86_64-linux-gnu/libOpenNI2.so;libusb::libusb)
-- Found Qhull version 8.0.2
-- OpenNI found (version: 1.5.4.0, include: /usr/include/ni, lib: /usr/lib/libOpenNI.so;libusb::libusb)
-- looking for PCL_COMMON
-- looking for PCL_KDTREE
-- looking for PCL_OCTREE
-- looking for PCL_SEARCH
-- looking for PCL_SAMPLE_CONSENSUS
-- looking for PCL_FILTERS
-- looking for PCL_2D
-- looking for PCL_GEOMETRY
-- looking for PCL_IO
-- looking for PCL_FEATURES
-- looking for PCL_ML
-- looking for PCL_SEGMENTATION
-- looking for PCL_VISUALIZATION
-- looking for PCL_SURFACE
-- looking for PCL_REGISTRATION
-- looking for PCL_KEYPOINTS
-- looking for PCL_TRACKING
-- looking for PCL_RECOGNITION
-- looking for PCL_STEREO
-- looking for PCL_APPS
-- looking for PCL_IN_HAND_SCANNER
-- looking for PCL_MODELER
-- looking for PCL_POINT_CLOUD_EDITOR
-- looking for PCL_OUTOFCORE
-- looking for PCL_PEOPLE
-- Configuring done
-- Generating done
-- Build files have been written to: /home/jun/ros2_ws/build/pcl_processing
[35m[1mConsolidate compiler generated dependencies of target pcd_import[0m
[ 25%] [32mBuilding CXX object CMakeFiles/plane_cloud.dir/src/1_planner_cloud.cpp.o[0m
[ 75%] Built target pcd_import
[01m[K/home/jun/ros2_ws/src/pcl_processing/src/1_planner_cloud.cpp:[m[K In function â€˜[01m[Kint main()[m[Kâ€™:
[01m[K/home/jun/ros2_ws/src/pcl_processing/src/1_planner_cloud.cpp:8:11:[m[K [01;31m[Kerror: [m[Kâ€˜[01m[KPCLPointCloud[m[Kâ€™ is not a member of â€˜[01m[Kpcl[m[Kâ€™; did you mean â€˜[01m[KPCLPointCloud2[m[Kâ€™?
    8 |      pcl::[01;31m[KPCLPointCloud[m[K<pcl::PointXYZ> cloud;
      |           [01;31m[K^~~~~~~~~~~~~[m[K
      |           [32m[KPCLPointCloud2[m[K
[01m[K/home/jun/ros2_ws/src/pcl_processing/src/1_planner_cloud.cpp:8:38:[m[K [01;31m[Kerror: [m[Kexpected primary-expression before â€˜[01m[K>[m[Kâ€™ token
    8 |      pcl::PCLPointCloud<pcl::PointXYZ[01;31m[K>[m[K cloud;
      |                                      [01;31m[K^[m[K
[01m[K/home/jun/ros2_ws/src/pcl_processing/src/1_planner_cloud.cpp:8:40:[m[K [01;31m[Kerror: [m[Kâ€˜[01m[Kcloud[m[Kâ€™ was not declared in this scope
    8 |      pcl::PCLPointCloud<pcl::PointXYZ> [01;31m[Kcloud[m[K;
      |                                        [01;31m[K^~~~~[m[K
[01m[K/home/jun/ros2_ws/src/pcl_processing/src/1_planner_cloud.cpp:12:32:[m[K [01;31m[Kerror: [m[Kâ€˜[01m[Kpath[m[Kâ€™ was not declared in this scope
   12 |      pcl::io::savePCDFileASCII([01;31m[Kpath[m[K, cloud);
      |                                [01;31m[K^~~~[m[K
gmake[2]: *** [CMakeFiles/plane_cloud.dir/build.make:76: CMakeFiles/plane_cloud.dir/src/1_planner_cloud.cpp.o] Error 1
gmake[1]: *** [CMakeFiles/Makefile2:165: CMakeFiles/plane_cloud.dir/all] Error 2
gmake: *** [Makefile:146: all] Error 2
