[01m[K/home/jun/ros2_ws/src/pcl_processing/src/1_planner_cloud.cpp:[m[K In function â€˜[01m[Kint main()[m[Kâ€™:
[01m[K/home/jun/ros2_ws/src/pcl_processing/src/1_planner_cloud.cpp:10:50:[m[K [01;31m[Kerror: [m[Kexpected â€˜[01m[K;[m[Kâ€™ before â€˜[01m[Kstd[m[Kâ€™
   10 |      cloud.push_back(pcl::PointXYZ(1.0, 2.0,3.0))
      |                                                  [01;31m[K^[m[K
      |                                                  [32m[K;[m[K
   11 |      [32m[Kstd[m[K::string path = "/home/jun/ros2_ws/src/pcl_processing/point_clouds/plane.pcd";
      |      [32m[K~~~[m[K                                          
[01m[K/home/jun/ros2_ws/src/pcl_processing/src/1_planner_cloud.cpp:12:32:[m[K [01;31m[Kerror: [m[Kâ€˜[01m[Kpath[m[Kâ€™ was not declared in this scope
   12 |      pcl::io::savePCDFileASCII([01;31m[Kpath[m[K, cloud);
      |                                [01;31m[K^~~~[m[K
gmake[2]: *** [CMakeFiles/plane_cloud.dir/build.make:76: CMakeFiles/plane_cloud.dir/src/1_planner_cloud.cpp.o] Error 1
gmake[1]: *** [CMakeFiles/Makefile2:165: CMakeFiles/plane_cloud.dir/all] Error 2
gmake: *** [Makefile:146: all] Error 2
