-- Found ament_cmake: 1.3.8 (/opt/ros/humble/share/ament_cmake/cmake)
-- Eigen found (include: /usr/include/eigen3, version: 3.4.0)
-- FLANN found (include: /usr/include, lib: /usr/lib/x86_64-linux-gnu/libflann_cpp.so)
-- OpenNI found (version: 1.5.4.0, include: /usr/include/ni, lib: /usr/lib/libOpenNI.so;libusb::libusb)
-- OpenNI2 found (version: 2.2.0.33, include: /usr/include/openni2, lib: /usr/lib/x86_64-linux-gnu/libOpenNI2.so;libusb::libusb)
[0m** WARNING ** io features related to pcap will be disabled[0m
-- Eigen found (include: /usr/include/eigen3, version: 3.4.0)
-- OpenNI found (version: 1.5.4.0, include: /usr/include/ni, lib: /usr/lib/libOpenNI.so;libusb::libusb)
-- OpenNI2 found (version: 2.2.0.33, include: /usr/include/openni2, lib: /usr/lib/x86_64-linux-gnu/libOpenNI2.so;libusb::libusb)
-- Found Qhull version 8.0.2
-- OpenNI found (version: 1.5.4.0, include: /usr/include/ni, lib: /usr/lib/libOpenNI.so;libusb::libusb)
-- looking for PCL_COMMON
-- looking for PCL_KDTREE
-- looking for PCL_OCTREE
-- looking for PCL_SEARCH
-- looking for PCL_SAMPLE_CONSENSUS
-- looking for PCL_FILTERS
-- looking for PCL_2D
-- looking for PCL_GEOMETRY
-- looking for PCL_IO
-- looking for PCL_FEATURES
-- looking for PCL_ML
-- looking for PCL_SEGMENTATION
-- looking for PCL_VISUALIZATION
-- looking for PCL_SURFACE
-- looking for PCL_REGISTRATION
-- looking for PCL_KEYPOINTS
-- looking for PCL_TRACKING
-- looking for PCL_RECOGNITION
-- looking for PCL_STEREO
-- looking for PCL_APPS
-- looking for PCL_IN_HAND_SCANNER
-- looking for PCL_MODELER
-- looking for PCL_POINT_CLOUD_EDITOR
-- looking for PCL_OUTOFCORE
-- looking for PCL_PEOPLE
-- Configuring done
-- Generating done
-- Build files have been written to: /home/jun/ros2_ws/build/pcl_processing
[35m[1mConsolidate compiler generated dependencies of target plane_cloud[0m
[35m[1mConsolidate compiler generated dependencies of target pcd_import[0m
[ 16%] [32mBuilding CXX object CMakeFiles/circular_cloud.dir/src/2_circular_cloud.cpp.o[0m
[ 50%] Built target plane_cloud
[ 83%] Built target pcd_import
[01m[K/home/jun/ros2_ws/src/pcl_processing/src/2_circular_cloud.cpp:[m[K In function â€˜[01m[Kint main()[m[Kâ€™:
[01m[K/home/jun/ros2_ws/src/pcl_processing/src/2_circular_cloud.cpp:10:6:[m[K [01;31m[Kerror: [m[Kâ€˜[01m[Knum_points[m[Kâ€™ was not declared in this scope
   10 |      [01;31m[Knum_points[m[K = 50;
      |      [01;31m[K^~~~~~~~~~[m[K
[01m[K/home/jun/ros2_ws/src/pcl_processing/src/2_circular_cloud.cpp:17:16:[m[K [01;31m[Kerror: [m[Kâ€˜[01m[Kradius[m[Kâ€™ was not declared in this scope; did you mean â€˜[01m[Kpcl::fields::radius[m[Kâ€™?
   17 |      point.x = [01;31m[Kradius[m[K * std::cos(angel);
      |                [01;31m[K^~~~~~[m[K
      |                [32m[Kpcl::fields::radius[m[K
In file included from [01m[K/usr/include/boost/preprocessor/tuple/elem.hpp:23[m[K,
                 from [01m[K/usr/include/boost/preprocessor/arithmetic/add.hpp:21[m[K,
                 from [01m[K/usr/include/boost/mpl/aux_/preprocessor/def_params_tail.hpp:66[m[K,
                 from [01m[K/usr/include/boost/mpl/aux_/na_spec.hpp:28[m[K,
                 from [01m[K/usr/include/boost/mpl/not.hpp:20[m[K,
                 from [01m[K/usr/include/boost/mpl/assert.hpp:17[m[K,
                 from [01m[K/usr/include/pcl-1.12/pcl/point_struct_traits.h:40[m[K,
                 from [01m[K/usr/include/pcl-1.12/pcl/type_traits.h:40[m[K,
                 from [01m[K/usr/include/pcl-1.12/pcl/memory.h:46[m[K,
                 from [01m[K/usr/include/pcl-1.12/pcl/io/pcd_io.h:42[m[K,
                 from [01m[K/home/jun/ros2_ws/src/pcl_processing/src/2_circular_cloud.cpp:2[m[K:
[01m[K/usr/include/pcl-1.12/pcl/impl/point_types.hpp:2244:1:[m[K [01;36m[Knote: [m[Kâ€˜[01m[Kpcl::fields::radius[m[Kâ€™ declared here
 2244 | [01;36m[KPOINT_CLOUD_REGISTER_POINT_STRUCT[m[K(pcl::PointSurfel,
      | [01;36m[K^~~~~~~~~~~~~~~~~~~~~~~~~~~~~~~~~[m[K
[01m[K/home/jun/ros2_ws/src/pcl_processing/src/2_circular_cloud.cpp:17:34:[m[K [01;31m[Kerror: [m[Kâ€˜[01m[Kangel[m[Kâ€™ was not declared in this scope; did you mean â€˜[01m[Kangle[m[Kâ€™?
   17 |      point.x = radius * std::cos([01;31m[Kangel[m[K);
      |                                  [01;31m[K^~~~~[m[K
      |                                  [32m[Kangle[m[K
[01m[K/home/jun/ros2_ws/src/pcl_processing/src/2_circular_cloud.cpp:15:13:[m[K [01;35m[Kwarning: [m[Kunused variable â€˜[01m[Kangle[m[Kâ€™ [[01;35m[K]8;;https://gcc.gnu.org/onlinedocs/gcc/Warning-Options.html#index-Wunused-variable-Wunused-variable]8;;[m[K]
   15 |      double [01;35m[Kangle[m[K = i * angular_step_size;
      |             [01;35m[K^~~~~[m[K
[01m[K/home/jun/ros2_ws/src/pcl_processing/src/2_circular_cloud.cpp:9:13:[m[K [01;35m[Kwarning: [m[Kunused variable â€˜[01m[Kraidus[m[Kâ€™ [[01;35m[K]8;;https://gcc.gnu.org/onlinedocs/gcc/Warning-Options.html#index-Wunused-variable-Wunused-variable]8;;[m[K]
    9 |      double [01;35m[Kraidus[m[K = 3.0;
      |             [01;35m[K^~~~~~[m[K
gmake[2]: *** [CMakeFiles/circular_cloud.dir/build.make:76: CMakeFiles/circular_cloud.dir/src/2_circular_cloud.cpp.o] Error 1
gmake[1]: *** [CMakeFiles/Makefile2:193: CMakeFiles/circular_cloud.dir/all] Error 2
gmake: *** [Makefile:146: all] Error 2
