[0m** WARNING ** io features related to pcap will be disabled[0m
[01m[K/home/jun/ros2_ws/src/pcl_processing/src/3_filtering.cpp:7:1:[m[K [01;31m[Kerror: [m[Kâ€˜[01m[Ktype[m[Kâ€™ does not name a type; did you mean â€˜[01m[Ktypeof[m[Kâ€™?
    7 | [01;31m[Ktype[m[K def pcl::PointXYZRGB PoinT;
      | [01;31m[K^~~~[m[K
      | [32m[Ktypeof[m[K
[01m[K/home/jun/ros2_ws/src/pcl_processing/src/3_filtering.cpp:[m[K In function â€˜[01m[Kint main()[m[Kâ€™:
[01m[K/home/jun/ros2_ws/src/pcl_processing/src/3_filtering.cpp:10:21:[m[K [01;31m[Kerror: [m[Kâ€˜[01m[KPoinT[m[Kâ€™ was not declared in this scope
   10 |     pcl::PointCloud<[01;31m[KPoinT[m[K>::Ptr cloud(new pcl::PointCloud<PoinT>);
      |                     [01;31m[K^~~~~[m[K
[01m[K/home/jun/ros2_ws/src/pcl_processing/src/3_filtering.cpp:10:26:[m[K [01;31m[Kerror: [m[Ktemplate argument 1 is invalid
   10 |     pcl::PointCloud<PoinT[01;31m[K>[m[K::Ptr cloud(new pcl::PointCloud<PoinT>);
      |                          [01;31m[K^[m[K
[01m[K/home/jun/ros2_ws/src/pcl_processing/src/3_filtering.cpp:10:33:[m[K [01;31m[Kerror: [m[Kexpected initializer before â€˜[01m[Kcloud[m[Kâ€™
   10 |     pcl::PointCloud<PoinT>::Ptr [01;31m[Kcloud[m[K(new pcl::PointCloud<PoinT>);
      |                                 [01;31m[K^~~~~[m[K
[01m[K/home/jun/ros2_ws/src/pcl_processing/src/3_filtering.cpp:11:33:[m[K [01;31m[Kerror: [m[Kexpected initializer before â€˜[01m[Kvoxel_cloud[m[Kâ€™
   11 |     pcl::PointCloud<PoinT>::Ptr [01;31m[Kvoxel_cloud[m[K(new pcl::PointCloud<PoinT>);
      |                                 [01;31m[K^~~~~~~~~~~[m[K
[01m[K/home/jun/ros2_ws/src/pcl_processing/src/3_filtering.cpp:19:43:[m[K [01;31m[Kerror: [m[Kâ€˜[01m[Kcloud[m[Kâ€™ was not declared in this scope
   19 |     cloud_reader.read(path + cloud_name, *[01;31m[Kcloud[m[K);
      |                                           [01;31m[K^~~~~[m[K
[01m[K/home/jun/ros2_ws/src/pcl_processing/src/3_filtering.cpp:21:20:[m[K [01;31m[Kerror: [m[Kâ€˜[01m[KPointT[m[Kâ€™ was not declared in this scope
   21 |     pcl::VoxelGrid<[01;31m[KPointT[m[K> voxel_filter;
      |                    [01;31m[K^~~~~~[m[K
[01m[K/home/jun/ros2_ws/src/pcl_processing/src/3_filtering.cpp:21:26:[m[K [01;31m[Kerror: [m[Ktemplate argument 1 is invalid
   21 |     pcl::VoxelGrid<PointT[01;31m[K>[m[K voxel_filter;
      |                          [01;31m[K^[m[K
[01m[K/home/jun/ros2_ws/src/pcl_processing/src/3_filtering.cpp:22:18:[m[K [01;31m[Kerror: [m[Krequest for member â€˜[01m[KsetInputCloud[m[Kâ€™ in â€˜[01m[Kvoxel_filter[m[Kâ€™, which is of non-class type â€˜[01m[Kint[m[Kâ€™
   22 |     voxel_filter.[01;31m[KsetInputCloud[m[K(cloud);
      |                  [01;31m[K^~~~~~~~~~~~~[m[K
[01m[K/home/jun/ros2_ws/src/pcl_processing/src/3_filtering.cpp:23:18:[m[K [01;31m[Kerror: [m[Krequest for member â€˜[01m[KsetLeafSize[m[Kâ€™ in â€˜[01m[Kvoxel_filter[m[Kâ€™, which is of non-class type â€˜[01m[Kint[m[Kâ€™
   23 |     voxel_filter.[01;31m[KsetLeafSize[m[K(0.05, 0.05, 0.05);
      |                  [01;31m[K^~~~~~~~~~~[m[K
[01m[K/home/jun/ros2_ws/src/pcl_processing/src/3_filtering.cpp:24:18:[m[K [01;31m[Kerror: [m[Krequest for member â€˜[01m[Kfilter[m[Kâ€™ in â€˜[01m[Kvoxel_filter[m[Kâ€™, which is of non-class type â€˜[01m[Kint[m[Kâ€™
   24 |     voxel_filter.[01;31m[Kfilter[m[K(*voxel_cloud);
      |                  [01;31m[K^~~~~~[m[K
[01m[K/home/jun/ros2_ws/src/pcl_processing/src/3_filtering.cpp:24:26:[m[K [01;31m[Kerror: [m[Kâ€˜[01m[Kvoxel_cloud[m[Kâ€™ was not declared in this scope
   24 |     voxel_filter.filter(*[01;31m[Kvoxel_cloud[m[K);
      |                          [01;31m[K^~~~~~~~~~~[m[K
gmake[2]: *** [CMakeFiles/pcl_filter.dir/build.make:76: CMakeFiles/pcl_filter.dir/src/3_filtering.cpp.o] Error 1
gmake[1]: *** [CMakeFiles/Makefile2:221: CMakeFiles/pcl_filter.dir/all] Error 2
gmake: *** [Makefile:146: all] Error 2
